2020-12-16 12:27:32.995 INFO  (main) [   ] o.e.j.u.log Logging initialized @1073ms to org.eclipse.jetty.util.log.Slf4jLog
2020-12-16 12:27:33.043 WARN  (main) [   ] o.e.j.x.XmlConfiguration Ignored arg: <Arg name="threadpool">
    <New id="threadpool" class="com.codahale.metrics.jetty9.InstrumentedQueuedThreadPool"><Arg name="registry">
        <Call id="solrJettyMetricRegistry" name="getOrCreate" class="com.codahale.metrics.SharedMetricRegistries"><Arg>solr.jetty</Arg></Call>
      </Arg></New>
  </Arg>
2020-12-16 12:27:33.153 INFO  (main) [   ] o.e.j.s.Server jetty-9.4.27.v20200227; built: 2020-02-27T18:37:21.340Z; git: a304fd9f351f337e7c0e2a7c28878dd536149c6c; jvm 14.0.1+7
2020-12-16 12:27:33.169 INFO  (main) [   ] o.e.j.d.p.ScanningAppProvider Deployment monitor [file:///Users/yjwsis/Desktop/searchEngine/solr-8.7.0/server/contexts/] at interval 0
2020-12-16 12:27:33.474 INFO  (main) [   ] o.e.j.w.StandardDescriptorProcessor NO JSP Support for /solr, did not find org.apache.jasper.servlet.JspServlet
2020-12-16 12:27:33.482 INFO  (main) [   ] o.e.j.s.session DefaultSessionIdManager workerName=node0
2020-12-16 12:27:33.482 INFO  (main) [   ] o.e.j.s.session No SessionScavenger set, using defaults
2020-12-16 12:27:33.485 INFO  (main) [   ] o.e.j.s.session node0 Scavenging every 600000ms
2020-12-16 12:27:33.546 INFO  (main) [   ] o.a.s.s.SolrDispatchFilter Using logger factory org.apache.logging.slf4j.Log4jLoggerFactory
2020-12-16 12:27:33.550 INFO  (main) [   ] o.a.s.s.SolrDispatchFilter  ___      _       Welcome to Apache Solr™ version 8.7.0
2020-12-16 12:27:33.550 INFO  (main) [   ] o.a.s.s.SolrDispatchFilter / __| ___| |_ _   Starting in standalone mode on port 8888
2020-12-16 12:27:33.551 INFO  (main) [   ] o.a.s.s.SolrDispatchFilter \__ \/ _ \ | '_|  Install dir: /Users/yjwsis/Desktop/searchEngine/solr-8.7.0
2020-12-16 12:27:33.551 INFO  (main) [   ] o.a.s.s.SolrDispatchFilter |___/\___/_|_|    Start time: 2020-12-16T12:27:33.551160Z
2020-12-16 12:27:33.567 INFO  (main) [   ] o.a.s.c.SolrPaths Using system property solr.solr.home: /Users/yjwsis/Desktop/searchEngine/solr-8.7.0/server/solr
2020-12-16 12:27:33.571 INFO  (main) [   ] o.a.s.c.SolrXmlConfig Loading container configuration from /Users/yjwsis/Desktop/searchEngine/solr-8.7.0/server/solr/solr.xml
2020-12-16 12:27:33.655 INFO  (main) [   ] o.a.s.c.SolrXmlConfig MBean server found: com.sun.jmx.mbeanserver.JmxMBeanServer@1cf6d1be, but no JMX reporters were configured - adding default JMX reporter.
2020-12-16 12:27:34.073 INFO  (main) [   ] o.a.s.h.c.HttpShardHandlerFactory Host whitelist initialized: WhitelistHostChecker [whitelistHosts=null, whitelistHostCheckingEnabled=true]
2020-12-16 12:27:34.264 WARN  (main) [   ] o.e.j.u.s.S.config Trusting all certificates configured for Client@14dc3f89[provider=null,keyStore=null,trustStore=null]
2020-12-16 12:27:34.264 WARN  (main) [   ] o.e.j.u.s.S.config No Client EndPointIdentificationAlgorithm configured for Client@14dc3f89[provider=null,keyStore=null,trustStore=null]
2020-12-16 12:27:34.389 WARN  (main) [   ] o.e.j.u.s.S.config Trusting all certificates configured for Client@2bebb74f[provider=null,keyStore=null,trustStore=null]
2020-12-16 12:27:34.389 WARN  (main) [   ] o.e.j.u.s.S.config No Client EndPointIdentificationAlgorithm configured for Client@2bebb74f[provider=null,keyStore=null,trustStore=null]
2020-12-16 12:27:34.437 WARN  (main) [   ] o.a.s.c.CoreContainer Not all security plugins configured!  authentication=disabled authorization=disabled.  Solr is only as secure as you make it. Consider configuring authentication/authorization before exposing Solr to users internal or external.  See https://s.apache.org/solrsecurity for more info
2020-12-16 12:27:34.554 INFO  (main) [   ] o.a.s.c.TransientSolrCoreCacheDefault Allocating transient cache for 2147483647 transient cores
2020-12-16 12:27:34.557 INFO  (main) [   ] o.a.s.h.a.MetricsHistoryHandler No .system collection, keeping metrics history in memory.
2020-12-16 12:27:34.616 INFO  (main) [   ] o.a.s.m.r.SolrJmxReporter JMX monitoring for 'solr.node' (registry 'solr.node') enabled at server: com.sun.jmx.mbeanserver.JmxMBeanServer@1cf6d1be
2020-12-16 12:27:34.616 INFO  (main) [   ] o.a.s.m.r.SolrJmxReporter JMX monitoring for 'solr.jvm' (registry 'solr.jvm') enabled at server: com.sun.jmx.mbeanserver.JmxMBeanServer@1cf6d1be
2020-12-16 12:27:34.619 INFO  (main) [   ] o.a.s.m.r.SolrJmxReporter JMX monitoring for 'solr.jetty' (registry 'solr.jetty') enabled at server: com.sun.jmx.mbeanserver.JmxMBeanServer@1cf6d1be
2020-12-16 12:27:34.662 INFO  (main) [   ] o.a.s.c.CorePropertiesLocator Found 3 core definitions underneath /Users/yjwsis/Desktop/searchEngine/solr-8.7.0/server/solr
2020-12-16 12:27:34.663 INFO  (main) [   ] o.a.s.c.CorePropertiesLocator Cores are: [board, sqlBoard, db]
2020-12-16 12:27:34.702 INFO  (coreLoadExecutor-13-thread-1) [   x:board] o.a.s.c.SolrConfig Using Lucene MatchVersion: 8.7.0
2020-12-16 12:27:34.702 INFO  (coreLoadExecutor-13-thread-2) [   x:sqlBoard] o.a.s.c.SolrConfig Using Lucene MatchVersion: 8.7.0
2020-12-16 12:27:34.708 WARN  (coreLoadExecutor-13-thread-3) [   x:db] o.a.s.c.SolrConfig Couldn't add files from /Users/yjwsis/Desktop/searchEngine/solr-8.7.0/_LIB filtered by .*\.jar to classpath: java.nio.file.NoSuchFileException: /Users/yjwsis/Desktop/searchEngine/solr-8.7.0/_LIB
2020-12-16 12:27:34.711 INFO  (coreLoadExecutor-13-thread-3) [   x:db] o.a.s.c.SolrResourceLoader Added 60 libs to classloader, from paths: [/Users/yjwsis/Desktop/searchEngine/solr-8.7.0/contrib/extraction/lib, /Users/yjwsis/Desktop/searchEngine/solr-8.7.0/contrib/langid/lib, /Users/yjwsis/Desktop/searchEngine/solr-8.7.0/contrib/velocity/lib, /Users/yjwsis/Desktop/searchEngine/solr-8.7.0/dist, /Users/yjwsis/Desktop/searchEngine/solr-8.7.0/server/solr/db/lib]
2020-12-16 12:27:34.716 INFO  (main) [   ] o.e.j.s.h.ContextHandler Started o.e.j.w.WebAppContext@6d304f9d{/solr,file:///Users/yjwsis/Desktop/searchEngine/solr-8.7.0/server/solr-webapp/webapp/,AVAILABLE}{/Users/yjwsis/Desktop/searchEngine/solr-8.7.0/server/solr-webapp/webapp}
2020-12-16 12:27:34.726 INFO  (main) [   ] o.e.j.s.AbstractConnector Started ServerConnector@76012793{HTTP/1.1, (http/1.1, h2c)}{0.0.0.0:8888}
2020-12-16 12:27:34.726 INFO  (main) [   ] o.e.j.s.Server Started @2805ms
2020-12-16 12:27:34.844 INFO  (coreLoadExecutor-13-thread-1) [   x:board] o.a.s.s.IndexSchema Schema name=default-config
2020-12-16 12:27:34.852 INFO  (coreLoadExecutor-13-thread-2) [   x:sqlBoard] o.a.s.s.IndexSchema Schema name=default-config
2020-12-16 12:27:34.941 INFO  (coreLoadExecutor-13-thread-3) [   x:db] o.a.s.c.SolrConfig Using Lucene MatchVersion: 8.7.0
2020-12-16 12:27:34.956 INFO  (coreLoadExecutor-13-thread-3) [   x:db] o.a.s.u.SolrIndexConfig IndexWriter infoStream solr logging is enabled
2020-12-16 12:27:35.007 INFO  (coreLoadExecutor-13-thread-3) [   x:db] o.a.s.s.IndexSchema Schema name=example-DIH-db
2020-12-16 12:27:35.120 WARN  (coreLoadExecutor-13-thread-3) [   x:db] o.a.s.D.s.LatLonType Solr loaded a deprecated plugin/analysis class [solr.LatLonType]. Please consult documentation how to replace it accordingly.
2020-12-16 12:27:35.195 WARN  (coreLoadExecutor-13-thread-1) [   x:board] o.a.s.s.AbstractSpatialPrefixTreeFieldType FieldType SpatialRecursivePrefixTreeFieldType does not allow omitNorms to be specified in schema, hardcoded behavior is omitNorms=true
2020-12-16 12:27:35.195 WARN  (coreLoadExecutor-13-thread-1) [   x:board] o.a.s.s.AbstractSpatialPrefixTreeFieldType FieldType SpatialRecursivePrefixTreeFieldType does not allow omitTermFreqAndPositions to be specified in schema, hardcoded behavior is omitTermFreqAndPositions=true
2020-12-16 12:27:35.195 WARN  (coreLoadExecutor-13-thread-1) [   x:board] o.a.s.s.AbstractSpatialPrefixTreeFieldType FieldType SpatialRecursivePrefixTreeFieldType does not allow termOffsets to be specified in schema, hardcoded behavior is termOffsets=false
2020-12-16 12:27:35.195 WARN  (coreLoadExecutor-13-thread-1) [   x:board] o.a.s.s.AbstractSpatialPrefixTreeFieldType FieldType SpatialRecursivePrefixTreeFieldType does not allow termPositions to be specified in schema, hardcoded behavior is termPositions=false
2020-12-16 12:27:35.195 WARN  (coreLoadExecutor-13-thread-1) [   x:board] o.a.s.s.AbstractSpatialPrefixTreeFieldType FieldType SpatialRecursivePrefixTreeFieldType does not allow omitPositions to be specified in schema, hardcoded behavior is omitPositions=true
2020-12-16 12:27:35.319 INFO  (coreLoadExecutor-13-thread-3) [   x:db] o.a.s.s.IndexSchema Loaded schema example-DIH-db/1.6 with uniqueid field id
2020-12-16 12:27:35.326 INFO  (coreLoadExecutor-13-thread-1) [   x:board] o.a.s.s.IndexSchema Loaded schema default-config/1.6 with uniqueid field id
2020-12-16 12:27:35.326 INFO  (coreLoadExecutor-13-thread-2) [   x:sqlBoard] o.a.s.s.IndexSchema Loaded schema default-config/1.6 with uniqueid field id
2020-12-16 12:27:35.343 INFO  (coreLoadExecutor-13-thread-3) [   x:db] o.a.s.c.CoreContainer Creating SolrCore 'db' using configuration from instancedir /Users/yjwsis/Desktop/searchEngine/solr-8.7.0/server/solr/db, trusted=true
2020-12-16 12:27:35.346 INFO  (coreLoadExecutor-13-thread-1) [   x:board] o.a.s.c.CoreContainer Creating SolrCore 'board' using configuration from instancedir /Users/yjwsis/Desktop/searchEngine/solr-8.7.0/server/solr/board, trusted=true
2020-12-16 12:27:35.346 INFO  (coreLoadExecutor-13-thread-2) [   x:sqlBoard] o.a.s.c.CoreContainer Creating SolrCore 'sqlBoard' using configuration from instancedir /Users/yjwsis/Desktop/searchEngine/solr-8.7.0/server/solr/sqlBoard, trusted=true
2020-12-16 12:27:35.366 INFO  (coreLoadExecutor-13-thread-3) [   x:db] o.a.s.m.r.SolrJmxReporter JMX monitoring for 'solr.core.db' (registry 'solr.core.db') enabled at server: com.sun.jmx.mbeanserver.JmxMBeanServer@1cf6d1be
2020-12-16 12:27:35.366 INFO  (coreLoadExecutor-13-thread-1) [   x:board] o.a.s.m.r.SolrJmxReporter JMX monitoring for 'solr.core.board' (registry 'solr.core.board') enabled at server: com.sun.jmx.mbeanserver.JmxMBeanServer@1cf6d1be
2020-12-16 12:27:35.366 INFO  (coreLoadExecutor-13-thread-2) [   x:sqlBoard] o.a.s.m.r.SolrJmxReporter JMX monitoring for 'solr.core.sqlBoard' (registry 'solr.core.sqlBoard') enabled at server: com.sun.jmx.mbeanserver.JmxMBeanServer@1cf6d1be
2020-12-16 12:27:35.378 INFO  (coreLoadExecutor-13-thread-1) [   x:board] o.a.s.c.SolrCore [[board] ] Opening new SolrCore at [/Users/yjwsis/Desktop/searchEngine/solr-8.7.0/server/solr/board], dataDir=[/Users/yjwsis/Desktop/searchEngine/solr-8.7.0/server/solr/board/data/]
2020-12-16 12:27:35.378 INFO  (coreLoadExecutor-13-thread-2) [   x:sqlBoard] o.a.s.c.SolrCore [[sqlBoard] ] Opening new SolrCore at [/Users/yjwsis/Desktop/searchEngine/solr-8.7.0/server/solr/sqlBoard], dataDir=[/Users/yjwsis/Desktop/searchEngine/solr-8.7.0/server/solr/sqlBoard/data/]
2020-12-16 12:27:35.378 INFO  (coreLoadExecutor-13-thread-3) [   x:db] o.a.s.c.SolrCore [[db] ] Opening new SolrCore at [/Users/yjwsis/Desktop/searchEngine/solr-8.7.0/server/solr/db], dataDir=[/Users/yjwsis/Desktop/searchEngine/solr-8.7.0/server/solr/db/data/]
2020-12-16 12:27:35.407 INFO  (coreLoadExecutor-13-thread-3) [   x:db] o.a.s.r.XSLTResponseWriter xsltCacheLifetimeSeconds=5
2020-12-16 12:27:35.718 WARN  (coreLoadExecutor-13-thread-3) [   x:db] o.a.s.h.d.DataImportHandler Data Import Handler is deprecated as of Solr 8.6. See SOLR-14066 for more details.
2020-12-16 12:27:35.733 INFO  (coreLoadExecutor-13-thread-3) [   x:db] o.a.s.u.UpdateHandler Using UpdateLog implementation: org.apache.solr.update.UpdateLog
2020-12-16 12:27:35.733 INFO  (coreLoadExecutor-13-thread-3) [   x:db] o.a.s.u.UpdateLog Initializing UpdateLog: dataDir= defaultSyncLevel=FLUSH numRecordsToKeep=100 maxNumLogsToKeep=10 numVersionBuckets=65536
2020-12-16 12:27:35.751 INFO  (coreLoadExecutor-13-thread-3) [   x:db] o.a.s.u.CommitTracker Hard AutoCommit: if uncommitted for 15000ms; 
2020-12-16 12:27:35.751 INFO  (coreLoadExecutor-13-thread-3) [   x:db] o.a.s.u.CommitTracker Soft AutoCommit: disabled
2020-12-16 12:27:35.762 INFO  (coreLoadExecutor-13-thread-2) [   x:sqlBoard] o.a.s.u.UpdateHandler Using UpdateLog implementation: org.apache.solr.update.UpdateLog
2020-12-16 12:27:35.762 INFO  (coreLoadExecutor-13-thread-1) [   x:board] o.a.s.u.UpdateHandler Using UpdateLog implementation: org.apache.solr.update.UpdateLog
2020-12-16 12:27:35.762 INFO  (coreLoadExecutor-13-thread-2) [   x:sqlBoard] o.a.s.u.UpdateLog Initializing UpdateLog: dataDir= defaultSyncLevel=FLUSH numRecordsToKeep=100 maxNumLogsToKeep=10 numVersionBuckets=65536
2020-12-16 12:27:35.762 INFO  (coreLoadExecutor-13-thread-1) [   x:board] o.a.s.u.UpdateLog Initializing UpdateLog: dataDir= defaultSyncLevel=FLUSH numRecordsToKeep=100 maxNumLogsToKeep=10 numVersionBuckets=65536
2020-12-16 12:27:35.764 INFO  (coreLoadExecutor-13-thread-2) [   x:sqlBoard] o.a.s.u.CommitTracker Hard AutoCommit: if uncommitted for 15000ms; 
2020-12-16 12:27:35.764 INFO  (coreLoadExecutor-13-thread-2) [   x:sqlBoard] o.a.s.u.CommitTracker Soft AutoCommit: disabled
2020-12-16 12:27:35.770 INFO  (coreLoadExecutor-13-thread-1) [   x:board] o.a.s.u.CommitTracker Hard AutoCommit: if uncommitted for 15000ms; 
2020-12-16 12:27:35.770 INFO  (coreLoadExecutor-13-thread-1) [   x:board] o.a.s.u.CommitTracker Soft AutoCommit: disabled
2020-12-16 12:27:35.812 INFO  (coreLoadExecutor-13-thread-2) [   x:sqlBoard] o.a.s.r.ManagedResourceStorage File-based storage initialized to use dir: /Users/yjwsis/Desktop/searchEngine/solr-8.7.0/server/solr/sqlBoard/conf
2020-12-16 12:27:35.827 INFO  (coreLoadExecutor-13-thread-2) [   x:sqlBoard] o.a.s.h.c.SpellCheckComponent Initializing spell checkers
2020-12-16 12:27:35.834 INFO  (coreLoadExecutor-13-thread-2) [   x:sqlBoard] o.a.s.s.DirectSolrSpellChecker init: {name=default,field=_text_,classname=solr.DirectSolrSpellChecker,distanceMeasure=internal,accuracy=0.5,maxEdits=2,minPrefix=1,maxInspections=5,minQueryLength=4,maxQueryFrequency=0.01}
2020-12-16 12:27:35.841 INFO  (coreLoadExecutor-13-thread-3) [   x:db] o.a.s.r.ManagedResourceStorage File-based storage initialized to use dir: /Users/yjwsis/Desktop/searchEngine/solr-8.7.0/server/solr/db/conf
2020-12-16 12:27:35.841 INFO  (coreLoadExecutor-13-thread-3) [   x:db] o.a.s.h.c.SpellCheckComponent Initializing spell checkers
2020-12-16 12:27:35.841 INFO  (coreLoadExecutor-13-thread-3) [   x:db] o.a.s.s.DirectSolrSpellChecker init: {name=default,field=text,classname=solr.DirectSolrSpellChecker,distanceMeasure=internal,accuracy=0.5,maxEdits=2,minPrefix=1,maxInspections=5,minQueryLength=4,maxQueryFrequency=0.01}
2020-12-16 12:27:35.845 INFO  (coreLoadExecutor-13-thread-2) [   x:sqlBoard] o.a.s.h.ReplicationHandler Commits will be reserved for 10000 ms
2020-12-16 12:27:35.846 INFO  (coreLoadExecutor-13-thread-3) [   x:db] o.a.s.h.c.SuggestComponent Initializing SuggestComponent
2020-12-16 12:27:35.849 INFO  (coreLoadExecutor-13-thread-3) [   x:db] o.a.s.s.s.SolrSuggester init: {name=mySuggester,lookupImpl=FuzzyLookupFactory,dictionaryImpl=DocumentDictionaryFactory,field=cat,weightField=price,suggestAnalyzerFieldType=string}
2020-12-16 12:27:35.850 INFO  (coreLoadExecutor-13-thread-2) [   x:sqlBoard] o.a.s.u.UpdateLog Could not find max version in index or recent updates, using new clock 1686237773403521024
2020-12-16 12:27:35.853 INFO  (searcherExecutor-19-thread-1-processing-x:sqlBoard) [   x:sqlBoard] o.a.s.c.QuerySenderListener QuerySenderListener done.
2020-12-16 12:27:35.853 INFO  (searcherExecutor-19-thread-1-processing-x:sqlBoard) [   x:sqlBoard] o.a.s.h.c.SpellCheckComponent Loading spell index for spellchecker: default
2020-12-16 12:27:35.858 INFO  (searcherExecutor-19-thread-1-processing-x:sqlBoard) [   x:sqlBoard] o.a.s.c.SolrCore [sqlBoard]  Registered new searcher autowarm time: 0 ms
2020-12-16 12:27:35.863 INFO  (coreLoadExecutor-13-thread-1) [   x:board] o.a.s.r.ManagedResourceStorage File-based storage initialized to use dir: /Users/yjwsis/Desktop/searchEngine/solr-8.7.0/server/solr/board/conf
2020-12-16 12:27:35.864 INFO  (coreLoadExecutor-13-thread-1) [   x:board] o.a.s.h.c.SpellCheckComponent Initializing spell checkers
2020-12-16 12:27:35.864 INFO  (coreLoadExecutor-13-thread-1) [   x:board] o.a.s.s.DirectSolrSpellChecker init: {name=default,field=_text_,classname=solr.DirectSolrSpellChecker,distanceMeasure=internal,accuracy=0.5,maxEdits=2,minPrefix=1,maxInspections=5,minQueryLength=4,maxQueryFrequency=0.01}
2020-12-16 12:27:35.864 INFO  (coreLoadExecutor-13-thread-3) [   x:db] o.a.s.s.s.SolrSuggester Dictionary loaded with params: {name=mySuggester,lookupImpl=FuzzyLookupFactory,dictionaryImpl=DocumentDictionaryFactory,field=cat,weightField=price,suggestAnalyzerFieldType=string}
2020-12-16 12:27:35.865 INFO  (coreLoadExecutor-13-thread-3) [   x:db] o.a.s.h.c.SuggestComponent Registering searcher listener for suggester: mySuggester = SuggesterListener [core=org.apache.solr.core.SolrCore@45e920eb, suggester=SolrSuggester [ name=mySuggester, sourceLocation=null, storeDir=, lookupImpl=FuzzyLookupFactory, dictionaryImpl=DocumentDictionaryFactory, sizeInBytes=0 ], buildOnCommit=false, buildOnOptimize=false, buildOnStartup=true, isCoreReload=false]
2020-12-16 12:27:35.865 INFO  (coreLoadExecutor-13-thread-1) [   x:board] o.a.s.h.ReplicationHandler Commits will be reserved for 10000 ms
2020-12-16 12:27:35.866 INFO  (coreLoadExecutor-13-thread-3) [   x:db] o.a.s.h.c.QueryElevationComponent Loading QueryElevation from: /Users/yjwsis/Desktop/searchEngine/solr-8.7.0/server/solr/db/conf/elevate.xml
2020-12-16 12:27:35.872 INFO  (coreLoadExecutor-13-thread-3) [   x:db] o.a.s.h.ReplicationHandler Commits will be reserved for 10000 ms
2020-12-16 12:27:35.877 INFO  (searcherExecutor-17-thread-1-processing-x:board) [   x:board] o.a.s.c.QuerySenderListener QuerySenderListener done.
2020-12-16 12:27:35.877 INFO  (searcherExecutor-17-thread-1-processing-x:board) [   x:board] o.a.s.h.c.SpellCheckComponent Loading spell index for spellchecker: default
2020-12-16 12:27:35.879 INFO  (searcherExecutor-17-thread-1-processing-x:board) [   x:board] o.a.s.c.SolrCore [board]  Registered new searcher autowarm time: 0 ms
2020-12-16 12:27:35.930 INFO  (searcherExecutor-18-thread-1-processing-x:db) [   x:db] o.a.s.c.S.Request [db]  webapp=null path=null params={q=static+firstSearcher+warming+in+solrconfig.xml&distrib=false&event=firstSearcher} hits=0 status=0 QTime=46
2020-12-16 12:27:35.931 INFO  (searcherExecutor-18-thread-1-processing-x:db) [   x:db] o.a.s.c.QuerySenderListener QuerySenderListener done.
2020-12-16 12:27:35.931 INFO  (searcherExecutor-18-thread-1-processing-x:db) [   x:db] o.a.s.h.c.SpellCheckComponent Loading spell index for spellchecker: default
2020-12-16 12:27:35.931 INFO  (searcherExecutor-18-thread-1-processing-x:db) [   x:db] o.a.s.h.c.SpellCheckComponent Loading spell index for spellchecker: wordbreak
2020-12-16 12:27:35.931 INFO  (searcherExecutor-18-thread-1-processing-x:db) [   x:db] o.a.s.h.c.SuggestComponent buildOnStartup: mySuggester
2020-12-16 12:27:35.931 INFO  (searcherExecutor-18-thread-1-processing-x:db) [   x:db] o.a.s.s.s.SolrSuggester SolrSuggester.build(mySuggester)
2020-12-16 12:27:35.943 INFO  (searcherExecutor-18-thread-1-processing-x:db) [   x:db] o.a.s.c.SolrCore [db]  Registered new searcher autowarm time: 0 ms
2020-12-16 12:27:47.572 INFO  (qtp1869039062-18) [   ] o.a.s.s.HttpSolrCall [admin] webapp=null path=/admin/cores params={indexInfo=false&wt=json&_=1608121667505} status=0 QTime=1
2020-12-16 12:27:47.577 INFO  (qtp1869039062-19) [   ] o.a.s.s.HttpSolrCall [admin] webapp=null path=/admin/info/system params={wt=json&_=1608121667506} status=0 QTime=6
2020-12-16 12:27:47.589 INFO  (qtp1869039062-25) [   ] o.a.s.s.HttpSolrCall [admin] webapp=null path=/admin/info/system params={wt=json&_=1608121667506} status=0 QTime=2
2020-12-16 12:27:50.128 INFO  (qtp1869039062-24) [   ] o.a.s.s.HttpSolrCall [admin] webapp=null path=/admin/cores params={indexInfo=false&wt=json&_=1608121667505} status=0 QTime=0
2020-12-16 12:27:50.133 INFO  (qtp1869039062-26) [   ] o.a.s.s.HttpSolrCall [admin] webapp=null path=/admin/info/system params={wt=json&_=1608121667506} status=0 QTime=4
2020-12-16 12:27:50.135 INFO  (qtp1869039062-25) [   x:board] o.a.s.c.S.Request [board]  webapp=/solr path=/admin/ping params={action=status&wt=json&_=1608121667506&ts=1608121667506} status=503 QTime=2
2020-12-16 12:27:50.138 INFO  (qtp1869039062-22) [   x:board] o.a.s.c.S.Request [board]  webapp=/solr path=/admin/system params={wt=json&_=1608121670122} status=0 QTime=6
2020-12-16 12:27:50.141 INFO  (qtp1869039062-49) [   x:board] o.a.s.c.S.Request [board]  webapp=/solr path=/replication params={wt=json&command=details&_=1608121670122} status=0 QTime=9
2020-12-16 12:27:50.143 INFO  (qtp1869039062-20) [   x:board] o.a.s.c.S.Request [board]  webapp=/solr path=/admin/luke params={numTerms=0&show=index&wt=json&_=1608121670122} status=0 QTime=12
2020-12-16 12:27:54.121 INFO  (qtp1869039062-25) [   ] o.a.s.s.HttpSolrCall [admin] webapp=null path=/admin/cores params={indexInfo=false&wt=json&_=1608121667505} status=0 QTime=0
2020-12-16 12:27:54.125 INFO  (qtp1869039062-21) [   ] o.a.s.s.HttpSolrCall [admin] webapp=null path=/admin/info/system params={wt=json&_=1608121667506} status=0 QTime=2
2020-12-16 12:27:54.127 INFO  (qtp1869039062-24) [   x:board] o.a.s.c.S.Request [board]  webapp=/solr path=/admin/luke params={show=schema&wt=json&_=1608121670122} status=0 QTime=5
2020-12-16 12:27:55.779 INFO  (qtp1869039062-24) [   ] o.a.s.s.HttpSolrCall [admin] webapp=null path=/admin/cores params={indexInfo=false&wt=json&_=1608121667505} status=0 QTime=0
2020-12-16 12:27:55.782 INFO  (qtp1869039062-50) [   ] o.a.s.s.HttpSolrCall [admin] webapp=null path=/admin/info/system params={wt=json&_=1608121667506} status=0 QTime=2
2020-12-16 12:27:55.782 INFO  (qtp1869039062-26) [   x:board] o.a.s.c.S.Request [board]  webapp=/solr path=/replication params={wt=json&command=details&_=1608121670122} status=0 QTime=3
2020-12-16 12:27:57.432 INFO  (qtp1869039062-48) [   ] o.a.s.s.HttpSolrCall [admin] webapp=null path=/admin/cores params={indexInfo=false&wt=json&_=1608121667505} status=0 QTime=0
2020-12-16 12:27:57.434 INFO  (qtp1869039062-24) [   ] o.a.s.s.HttpSolrCall [admin] webapp=null path=/admin/info/system params={wt=json&_=1608121667506} status=0 QTime=2
2020-12-16 12:28:01.831 INFO  (qtp1869039062-19) [   ] o.a.s.s.HttpSolrCall [admin] webapp=null path=/admin/cores params={indexInfo=false&wt=json&_=1608121667505} status=0 QTime=0
2020-12-16 12:28:01.834 INFO  (qtp1869039062-18) [   x:board] o.a.s.c.S.Request [board]  webapp=/solr path=/admin/luke params={show=schema&wt=json&_=1608121670122} status=0 QTime=2
2020-12-16 12:28:01.837 INFO  (qtp1869039062-22) [   x:board] o.a.s.c.S.Request [board]  webapp=/solr path=/config params={wt=json&_=1608121681816} status=0 QTime=4
2020-12-16 12:28:01.841 INFO  (qtp1869039062-26) [   ] o.a.s.s.HttpSolrCall [admin] webapp=null path=/admin/info/system params={wt=json&_=1608121667506} status=0 QTime=9
2020-12-16 12:28:01.887 INFO  (qtp1869039062-18) [   x:board] o.a.s.c.S.Request [board]  webapp=/solr path=/admin/luke params={numTerms=0&wt=json&_=1608121670122} status=0 QTime=21
2020-12-16 12:28:07.206 INFO  (qtp1869039062-48) [   ] o.a.s.s.HttpSolrCall [admin] webapp=null path=/admin/cores params={indexInfo=false&wt=json&_=1608121667505} status=0 QTime=0
2020-12-16 12:28:07.209 INFO  (qtp1869039062-49) [   ] o.a.s.s.HttpSolrCall [admin] webapp=null path=/admin/info/system params={wt=json&_=1608121667506} status=0 QTime=2
2020-12-16 12:28:09.209 INFO  (qtp1869039062-50) [   ] o.a.s.s.HttpSolrCall [admin] webapp=null path=/admin/cores params={indexInfo=false&wt=json&_=1608121667505} status=0 QTime=0
2020-12-16 12:28:09.212 INFO  (qtp1869039062-26) [   x:board] o.a.s.c.S.Request [board]  webapp=/solr path=/config params={wt=json&_=1608121681816} status=0 QTime=0
2020-12-16 12:28:09.213 INFO  (qtp1869039062-22) [   x:board] o.a.s.c.S.Request [board]  webapp=/solr path=/admin/luke params={show=schema&wt=json&_=1608121670122} status=0 QTime=2
2020-12-16 12:28:09.213 INFO  (qtp1869039062-18) [   ] o.a.s.s.HttpSolrCall [admin] webapp=null path=/admin/info/system params={wt=json&_=1608121667506} status=0 QTime=3
2020-12-16 12:28:09.241 INFO  (qtp1869039062-25) [   x:board] o.a.s.c.S.Request [board]  webapp=/solr path=/admin/luke params={numTerms=0&wt=json&_=1608121670122} status=0 QTime=3
2020-12-16 12:28:24.367 INFO  (qtp1869039062-22) [   ] o.a.s.s.HttpSolrCall [admin] webapp=null path=/admin/cores params={indexInfo=false&wt=json&_=1608121667505} status=0 QTime=0
2020-12-16 12:28:24.369 INFO  (qtp1869039062-49) [   x:board] o.a.s.c.S.Request [board]  webapp=/solr path=/config params={wt=json&_=1608121681816} status=0 QTime=0
2020-12-16 12:28:24.370 INFO  (qtp1869039062-48) [   x:board] o.a.s.c.S.Request [board]  webapp=/solr path=/admin/luke params={show=schema&wt=json&_=1608121670122} status=0 QTime=2
2020-12-16 12:28:24.370 INFO  (qtp1869039062-47) [   ] o.a.s.s.HttpSolrCall [admin] webapp=null path=/admin/info/system params={wt=json&_=1608121667506} status=0 QTime=3
2020-12-16 12:28:24.417 INFO  (qtp1869039062-26) [   x:board] o.a.s.c.S.Request [board]  webapp=/solr path=/admin/luke params={numTerms=0&wt=json&_=1608121670122} status=0 QTime=2
2020-12-16 12:28:27.706 INFO  (qtp1869039062-26) [   ] o.a.s.s.HttpSolrCall [admin] webapp=null path=/admin/cores params={indexInfo=false&wt=json&_=1608121667505} status=0 QTime=0
2020-12-16 12:28:27.707 INFO  (qtp1869039062-18) [   x:board] o.a.s.c.S.Request [board]  webapp=/solr path=/admin/file params={wt=json&_=1608121707701} status=0 QTime=0
2020-12-16 12:28:27.709 INFO  (qtp1869039062-50) [   ] o.a.s.s.HttpSolrCall [admin] webapp=null path=/admin/info/system params={wt=json&_=1608121667506} status=0 QTime=2
2020-12-16 12:28:27.717 INFO  (qtp1869039062-47) [   x:board] o.a.s.c.S.Request [board]  webapp=/solr path=/admin/file params={file=lang&wt=json&_=1608121707701} status=0 QTime=1
2020-12-16 12:28:28.363 INFO  (qtp1869039062-49) [   ] o.a.s.s.HttpSolrCall [admin] webapp=null path=/admin/cores params={indexInfo=false&wt=json&_=1608121667505} status=0 QTime=0
2020-12-16 12:28:28.365 INFO  (qtp1869039062-48) [   x:board] o.a.s.c.S.Request [board]  webapp=/solr path=/admin/luke params={show=schema&wt=json&_=1608121670122} status=0 QTime=1
2020-12-16 12:28:28.367 INFO  (qtp1869039062-50) [   ] o.a.s.s.HttpSolrCall [admin] webapp=null path=/admin/info/system params={wt=json&_=1608121667506} status=0 QTime=3
2020-12-16 12:28:29.962 INFO  (qtp1869039062-26) [   x:board] o.a.s.u.p.LogUpdateProcessorFactory [board]  webapp=/solr path=/update params={commitWithin=1000&overwrite=true&wt=json&_=1608121670122}{} 0 14
2020-12-16 12:28:33.728 INFO  (qtp1869039062-48) [   ] o.a.s.s.HttpSolrCall [admin] webapp=null path=/admin/cores params={indexInfo=false&wt=json&_=1608121667505} status=0 QTime=0
2020-12-16 12:28:33.729 INFO  (qtp1869039062-18) [   x:board] o.a.s.c.S.Request [board]  webapp=/solr path=/admin/file params={wt=json&_=1608121707701} status=0 QTime=0
2020-12-16 12:28:33.732 INFO  (qtp1869039062-47) [   ] o.a.s.s.HttpSolrCall [admin] webapp=null path=/admin/info/system params={wt=json&_=1608121667506} status=0 QTime=3
2020-12-16 12:28:33.738 INFO  (qtp1869039062-50) [   x:board] o.a.s.c.S.Request [board]  webapp=/solr path=/admin/file params={file=lang&wt=json&_=1608121707701} status=0 QTime=1
2020-12-16 12:28:34.973 INFO  (qtp1869039062-49) [   ] o.a.s.s.HttpSolrCall [admin] webapp=null path=/admin/cores params={indexInfo=false&wt=json&_=1608121667505} status=0 QTime=0
2020-12-16 12:28:34.976 INFO  (qtp1869039062-26) [   ] o.a.s.s.HttpSolrCall [admin] webapp=null path=/admin/info/system params={wt=json&_=1608121667506} status=0 QTime=3
2020-12-16 12:28:34.988 INFO  (qtp1869039062-25) [   x:board] o.a.s.c.S.Request [board]  webapp=/solr path=/admin/mbeans params={stats=true&wt=json&_=1608121714967} status=0 QTime=14
2020-12-16 12:28:35.417 INFO  (qtp1869039062-50) [   x:board] o.a.s.c.S.Request [board]  webapp=/solr path=/admin/ping params={wt=json&_=1608121667506&ts=1608121667506} hits=1581 status=0 QTime=3
2020-12-16 12:28:35.417 INFO  (qtp1869039062-50) [   x:board] o.a.s.c.S.Request [board]  webapp=/solr path=/admin/ping params={wt=json&_=1608121667506&ts=1608121667506} status=0 QTime=3
2020-12-16 12:28:36.531 INFO  (qtp1869039062-47) [   ] o.a.s.s.HttpSolrCall [admin] webapp=null path=/admin/cores params={indexInfo=false&wt=json&_=1608121667505} status=0 QTime=0
2020-12-16 12:28:36.533 INFO  (qtp1869039062-49) [   ] o.a.s.s.HttpSolrCall [admin] webapp=null path=/admin/info/system params={wt=json&_=1608121667506} status=0 QTime=2
2020-12-16 12:28:37.925 INFO  (qtp1869039062-18) [   x:board] o.a.s.c.S.Request [board]  webapp=/solr path=/select params={q=*:*&_=1608121677411} hits=1581 status=0 QTime=0
2020-12-16 12:29:45.756 INFO  (qtp1869039062-18) [   ] o.a.s.s.HttpSolrCall [admin] webapp=null path=/admin/cores params={indexInfo=false&wt=json&_=1608121667505} status=0 QTime=0
2020-12-16 12:29:45.762 INFO  (qtp1869039062-49) [   ] o.a.s.s.HttpSolrCall [admin] webapp=null path=/admin/info/system params={wt=json&_=1608121667506} status=0 QTime=2
2020-12-16 12:29:45.766 INFO  (qtp1869039062-50) [   x:board] o.a.s.c.S.Request [board]  webapp=/solr path=/admin/mbeans params={stats=true&wt=json&_=1608121714967} status=0 QTime=6
2020-12-16 12:29:46.662 INFO  (qtp1869039062-47) [   ] o.a.s.s.HttpSolrCall [admin] webapp=null path=/admin/cores params={indexInfo=false&wt=json&_=1608121667505} status=0 QTime=0
2020-12-16 12:29:46.665 INFO  (qtp1869039062-18) [   ] o.a.s.s.HttpSolrCall [admin] webapp=null path=/admin/info/system params={wt=json&_=1608121667506} status=0 QTime=2
2020-12-16 13:42:28.396 INFO  (qtp1869039062-17) [   x:board] o.a.s.c.S.Request [board]  webapp=/solr path=/select params={q=*:*&rows=1&_=1608121677411} hits=1581 status=0 QTime=0
2020-12-16 14:09:34.630 INFO  (qtp1869039062-22) [   x:board] o.a.s.c.S.Request [board]  webapp=/solr path=/select params={q=title:**&rows=2147483647} hits=1581 status=0 QTime=37
2020-12-16 14:09:35.056 INFO  (qtp1869039062-50) [   x:board] o.a.s.c.S.Request [board]  webapp=/solr path=/select params={q=title:*한국*+OR+title:*오류*&rows=2147483647} hits=45 status=0 QTime=21
2020-12-16 14:10:11.837 INFO  (qtp1869039062-19) [   x:board] o.a.s.c.S.Request [board]  webapp=/solr path=/select params={q=title:**&rows=2147483647} hits=1581 status=0 QTime=4
2020-12-16 14:10:12.185 INFO  (qtp1869039062-18) [   x:board] o.a.s.c.S.Request [board]  webapp=/solr path=/select params={q=title:*한국*&rows=2147483647} hits=44 status=0 QTime=5
2020-12-16 14:10:55.337 INFO  (qtp1869039062-26) [   x:board] o.a.s.c.S.Request [board]  webapp=/solr path=/select params={q=title:*정부*&rows=2147483647} hits=37 status=0 QTime=4
2020-12-16 14:10:55.369 INFO  (qtp1869039062-19) [   x:board] o.a.s.c.S.Request [board]  webapp=/solr path=/select params={q=title:*한국*&rows=2147483647} hits=44 status=0 QTime=2
2020-12-16 14:10:59.804 INFO  (qtp1869039062-26) [   x:board] o.a.s.c.S.Request [board]  webapp=/solr path=/select params={q=title:*오류*&rows=2147483647} hits=2 status=0 QTime=3
2020-12-16 14:10:59.811 INFO  (qtp1869039062-19) [   x:board] o.a.s.c.S.Request [board]  webapp=/solr path=/select params={q=title:*한국*&rows=2147483647} hits=44 status=0 QTime=1
2020-12-16 14:25:40.633 INFO  (qtp1869039062-17) [   ] o.a.s.s.HttpSolrCall [admin] webapp=null path=/admin/cores params={indexInfo=false&wt=json&_=1608128740538} status=0 QTime=1
2020-12-16 14:25:40.637 INFO  (qtp1869039062-19) [   ] o.a.s.s.HttpSolrCall [admin] webapp=null path=/admin/info/system params={wt=json&_=1608128740538} status=0 QTime=5
2020-12-16 14:30:31.607 INFO  (qtp1869039062-22) [   ] o.a.s.s.HttpSolrCall [admin] webapp=null path=/admin/cores params={indexInfo=false&wt=json&_=1608128740538} status=0 QTime=2
2020-12-16 14:30:31.613 INFO  (qtp1869039062-26) [   x:board] o.a.s.c.S.Request [board]  webapp=/solr path=/admin/ping params={action=status&wt=json&_=1608128740538&ts=1608128740538} status=503 QTime=0
2020-12-16 14:30:31.615 INFO  (qtp1869039062-17) [   x:board] o.a.s.c.S.Request [board]  webapp=/solr path=/replication params={wt=json&command=details&_=1608129031598} status=0 QTime=4
2020-12-16 14:30:31.617 INFO  (qtp1869039062-52) [   x:board] o.a.s.c.S.Request [board]  webapp=/solr path=/admin/luke params={numTerms=0&show=index&wt=json&_=1608129031597} status=0 QTime=5
2020-12-16 14:30:31.622 INFO  (qtp1869039062-55) [   ] o.a.s.s.HttpSolrCall [admin] webapp=null path=/admin/info/system params={wt=json&_=1608128740538} status=0 QTime=11
2020-12-16 14:30:31.623 INFO  (qtp1869039062-53) [   x:board] o.a.s.c.S.Request [board]  webapp=/solr path=/admin/system params={wt=json&_=1608129031597} status=0 QTime=11
2020-12-16 14:30:32.717 INFO  (qtp1869039062-55) [   ] o.a.s.s.HttpSolrCall [admin] webapp=null path=/admin/cores params={indexInfo=false&wt=json&_=1608128740538} status=0 QTime=0
2020-12-16 14:30:32.721 INFO  (qtp1869039062-22) [   ] o.a.s.s.HttpSolrCall [admin] webapp=null path=/admin/info/system params={wt=json&_=1608128740538} status=0 QTime=4
2020-12-16 14:30:32.721 INFO  (qtp1869039062-50) [   x:board] o.a.s.c.S.Request [board]  webapp=/solr path=/admin/luke params={show=schema&wt=json&_=1608129031597} status=0 QTime=4
2020-12-16 14:30:35.062 INFO  (qtp1869039062-50) [   ] o.a.s.s.HttpSolrCall [admin] webapp=null path=/admin/cores params={indexInfo=false&wt=json&_=1608128740538} status=0 QTime=0
2020-12-16 14:30:35.064 INFO  (qtp1869039062-56) [   x:board] o.a.s.c.S.Request [board]  webapp=/solr path=/config params={wt=json&_=1608129035048} status=0 QTime=2
2020-12-16 14:30:35.064 INFO  (qtp1869039062-52) [   x:board] o.a.s.c.S.Request [board]  webapp=/solr path=/admin/luke params={show=schema&wt=json&_=1608129031597} status=0 QTime=2
2020-12-16 14:30:35.065 INFO  (qtp1869039062-53) [   ] o.a.s.s.HttpSolrCall [admin] webapp=null path=/admin/info/system params={wt=json&_=1608128740538} status=0 QTime=3
2020-12-16 14:30:35.109 INFO  (qtp1869039062-55) [   x:board] o.a.s.c.S.Request [board]  webapp=/solr path=/admin/luke params={numTerms=0&wt=json&_=1608129031597} status=0 QTime=4
2020-12-17 13:04:44.256 INFO  (qtp1869039062-62) [   ] o.a.s.s.HttpSolrCall [admin] webapp=null path=/admin/cores params={indexInfo=false&wt=json&_=1608210284178} status=0 QTime=4
2020-12-17 13:04:44.272 INFO  (qtp1869039062-61) [   ] o.a.s.s.HttpSolrCall [admin] webapp=null path=/admin/info/system params={wt=json&_=1608210284178} status=0 QTime=22
2020-12-17 13:04:45.952 INFO  (qtp1869039062-63) [   ] o.a.s.s.HttpSolrCall [admin] webapp=null path=/admin/cores params={indexInfo=false&wt=json&_=1608210285892} status=0 QTime=0
2020-12-17 13:04:45.955 INFO  (qtp1869039062-53) [   ] o.a.s.s.HttpSolrCall [admin] webapp=null path=/admin/info/system params={wt=json&_=1608210285893} status=0 QTime=3
2020-12-17 13:04:50.283 INFO  (qtp1869039062-61) [   ] o.a.s.s.HttpSolrCall [admin] webapp=null path=/admin/cores params={indexInfo=false&wt=json&_=1608210290218} status=0 QTime=0
2020-12-17 13:04:50.285 INFO  (qtp1869039062-56) [   ] o.a.s.s.HttpSolrCall [admin] webapp=null path=/admin/info/system params={wt=json&_=1608210290218} status=0 QTime=2
